
	Current base directory for HOMER is /mnt/data/alfredvar/rlopezt/repos/Deroceras-Leave/cluster/homer/./

	Will install homer
--2026-03-20 19:18:25--  http://homer.ucsd.edu/homer/update.txt
Resolving homer.ucsd.edu (homer.ucsd.edu)... 169.228.63.226
Connecting to homer.ucsd.edu (homer.ucsd.edu)|169.228.63.226|:80... connected.
HTTP request sent, awaiting response... 200 OK
Length: 19497 (19K) [text/plain]
Saving to: ‘/mnt/data/alfredvar/rlopezt/repos/Deroceras-Leave/cluster/homer/.//update.txt’

     0K .......... .........                                  100% 11.9M=0.002s

2026-03-20 19:18:26 (11.9 MB/s) - ‘/mnt/data/alfredvar/rlopezt/repos/Deroceras-Leave/cluster/homer/.//update.txt’ saved [19497/19497]

	Updating Settings...
`wget -O 0.874398976172419.tmp http://homer.ucsd.edu/homer/configureHomer.pl`;
--2026-03-20 19:18:26--  http://homer.ucsd.edu/homer/configureHomer.pl
Resolving homer.ucsd.edu (homer.ucsd.edu)... 169.228.63.226
Connecting to homer.ucsd.edu (homer.ucsd.edu)|169.228.63.226|:80... connected.
HTTP request sent, awaiting response... 200 OK
Length: 27679 (27K) [application/x-perl]
Saving to: ‘0.874398976172419.tmp’

     0K .......... .......... .......                         100% 9.41M=0.003s

2026-03-20 19:18:26 (9.41 MB/s) - ‘0.874398976172419.tmp’ saved [27679/27679]

	configureHomer.pl script is up-to-date
	Packages to Install...
		homer -> 

	Checking for standard utilities and 3rd party software:

		(Note: seqlogo, gs, and blat no longer required)
	Checking for wget... /usr/bin/wget
	Checking for cut... /usr/bin/cut
	Checking for gcc... /usr/bin/gcc
	Checking for g++... /usr/bin/g++
	Checking for zip... /usr/bin/zip
	Checking for unzip... /usr/bin/unzip
	Checking for make... /usr/bin/make
	Checking for tar... /usr/bin/tar
	Checking for gunzip... /usr/bin/gunzip
	Checking for gzip... /usr/bin/gzip

	All auxilary programs found.

	Pausing for 3 seconds (hit ctrl-C to stop)
	Installing: homer
		Downloading...
--2026-03-20 19:18:29--  http://homer.ucsd.edu/homer/data/software/homer.v5.1.zip
Resolving homer.ucsd.edu (homer.ucsd.edu)... 169.228.63.226
Connecting to homer.ucsd.edu (homer.ucsd.edu)|169.228.63.226|:80... connected.
HTTP request sent, awaiting response... 200 OK
Length: 33045679 (32M) [application/zip]
Saving to: ‘homer.package.zip’

     0K .......... .......... .......... .......... ..........  0% 3.98M 8s
    50K .......... .......... .......... .......... ..........  0% 8.23M 6s
   100K .......... .......... .......... .......... ..........  0% 8.79M 5s
   150K .......... .......... .......... .......... ..........  0% 7.94M 5s
   200K .......... .......... .......... .......... ..........  0% 7.95M 5s
   250K .......... .......... .......... .......... ..........  0% 9.32M 4s
   300K .......... .......... .......... .......... ..........  1% 7.77M 4s
   350K .......... .......... .......... .......... ..........  1% 7.04M 4s
   400K .......... .......... .......... .......... ..........  1% 6.19M 4s
   450K .......... .......... .......... .......... ..........  1% 7.90M 4s
   500K .......... .......... .......... .......... ..........  1% 7.55M 4s
   550K .......... .......... .......... .......... ..........  1% 8.35M 4s
   600K .......... .......... .......... .......... ..........  2% 7.47M 4s
   650K .......... .......... .......... .......... ..........  2% 8.30M 4s
   700K .......... .......... .......... .......... ..........  2% 10.7M 4s
   750K .......... .......... .......... .......... ..........  2% 7.98M 4s
   800K .......... .......... .......... .......... ..........  2% 8.20M 4s
   850K .......... .......... .......... .......... ..........  2% 8.99M 4s
   900K .......... .......... .......... .......... ..........  2%  242K 11s
   950K .......... .......... .......... .......... ..........  3% 7.47M 10s
  1000K .......... .......... .......... .......... ..........  3% 5.17M 10s
  1050K .......... .......... .......... .......... ..........  3% 6.41M 10s
  1100K .......... .......... .......... .......... ..........  3% 9.07M 9s
  1150K .......... .......... .......... .......... ..........  3% 9.90M 9s
  1200K .......... .......... .......... .......... ..........  3% 9.06M 9s
  1250K .......... .......... .......... .......... ..........  4% 9.92M 9s
  1300K .......... .......... .......... .......... ..........  4% 9.59M 8s
  1350K .......... .......... .......... .......... ..........  4% 7.85M 8s
  1400K .......... .......... .......... .......... ..........  4% 8.85M 8s
  1450K .......... .......... .......... .......... ..........  4% 8.77M 8s
  1500K .......... .......... .......... .......... ..........  4% 9.78M 8s
  1550K .......... .......... .......... .......... ..........  4% 8.34M 8s
  1600K .......... .......... .......... .......... ..........  5% 9.08M 8s
  1650K .......... .......... .......... .......... ..........  5% 9.20M 7s
  1700K .......... .......... .......... .......... ..........  5% 10.8M 7s
  1750K .......... .......... .......... .......... ..........  5% 8.67M 7s
  1800K .......... .......... .......... .......... ..........  5% 9.19M 7s
  1850K .......... .......... .......... .......... ..........  5% 9.20M 7s
  1900K .......... .......... .......... .......... ..........  6% 7.14M 7s
  1950K .......... .......... .......... .......... ..........  6% 8.21M 7s
  2000K .......... .......... .......... .......... ..........  6% 5.58M 7s
  2050K .......... .......... .......... .......... ..........  6% 6.80M 7s
  2100K .......... .......... .......... .......... ..........  6% 9.39M 7s
  2150K .......... .......... .......... .......... ..........  6% 4.02M 7s
  2200K .......... .......... .......... .......... ..........  6% 8.55M 6s
  2250K .......... .......... .......... .......... ..........  7% 8.30M 6s
  2300K .......... .......... .......... .......... ..........  7% 7.01M 6s
  2350K .......... .......... .......... .......... ..........  7% 9.52M 6s
  2400K .......... .......... .......... .......... ..........  7% 9.79M 6s
  2450K .......... .......... .......... .......... ..........  7% 10.1M 6s
  2500K .......... .......... .......... .......... ..........  7% 9.68M 6s
  2550K .......... .......... .......... .......... ..........  8% 10.0M 6s
  2600K .......... .......... .......... .......... ..........  8% 8.07M 6s
  2650K .......... .......... .......... .......... ..........  8% 8.78M 6s
  2700K .......... .......... .......... .......... ..........  8% 9.79M 6s
  2750K .......... .......... .......... .......... ..........  8% 9.09M 6s
  2800K .......... .......... .......... .......... ..........  8% 8.56M 6s
  2850K .......... .......... .......... .......... ..........  8% 8.48M 6s
  2900K .......... .......... .......... .......... ..........  9% 8.83M 6s
  2950K .......... .......... .......... .......... ..........  9% 11.1M 5s
  3000K .......... .......... .......... .......... ..........  9% 8.11M 5s
  3050K .......... .......... .......... .......... ..........  9% 9.32M 5s
  3100K .......... .......... .......... .......... ..........  9% 8.97M 5s
  3150K .......... .......... .......... .......... ..........  9% 1.46M 6s
  3200K .......... .......... .......... .......... .......... 10% 7.22M 6s
  3250K .......... .......... .......... .......... .......... 10% 4.49M 6s
  3300K .......... .......... .......... .......... .......... 10% 8.77M 5s
  3350K .......... .......... .......... .......... .......... 10% 9.77M 5s
  3400K .......... .......... .......... .......... .......... 10% 10.4M 5s
  3450K .......... .......... .......... .......... .......... 10% 9.86M 5s
  3500K .......... .......... .......... .......... .......... 11% 9.78M 5s
  3550K .......... .......... .......... .......... .......... 11% 9.11M 5s
  3600K .......... .......... .......... .......... .......... 11% 7.70M 5s
  3650K .......... .......... .......... .......... .......... 11% 9.16M 5s
  3700K .......... .......... .......... .......... .......... 11% 10.0M 5s
  3750K .......... .......... .......... .......... .......... 11% 9.22M 5s
  3800K .......... .......... .......... .......... .......... 11% 8.34M 5s
  3850K .......... .......... .......... .......... .......... 12% 9.55M 5s
  3900K .......... .......... .......... .......... .......... 12% 10.2M 5s
  3950K .......... .......... .......... .......... .......... 12% 9.24M 5s
  4000K .......... .......... .......... .......... .......... 12%  717K 5s
  4050K .......... .......... .......... .......... .......... 12% 6.69M 5s
  4100K .......... .......... .......... .......... .......... 12% 5.67M 5s
  4150K .......... .......... .......... .......... .......... 13% 7.94M 5s
  4200K .......... .......... .......... .......... .......... 13% 5.61M 5s
  4250K .......... .......... .......... .......... .......... 13% 6.12M 5s
  4300K .......... .......... .......... .......... .......... 13% 8.77M 5s
  4350K .......... .......... .......... .......... .......... 13% 8.13M 5s
  4400K .......... .......... .......... .......... .......... 13% 9.29M 5s
  4450K .......... .......... .......... .......... .......... 13% 9.08M 5s
  4500K .......... .......... .......... .......... .......... 14% 8.66M 5s
  4550K .......... .......... .......... .......... .......... 14% 7.83M 5s
  4600K .......... .......... .......... .......... .......... 14% 7.95M 5s
  4650K .......... .......... .......... .......... .......... 14% 9.00M 5s
  4700K .......... .......... .......... .......... .......... 14% 8.28M 5s
  4750K .......... .......... .......... .......... .......... 14% 8.04M 5s
  4800K .......... .......... .......... .......... .......... 15% 7.67M 5s
  4850K .......... .......... .......... .......... .......... 15% 8.20M 5s
  4900K .......... .......... .......... .......... .......... 15% 9.18M 5s
  4950K .......... .......... .......... .......... .......... 15% 8.66M 5s
  5000K .......... .......... .......... .......... .......... 15% 7.68M 5s
  5050K .......... .......... .......... .......... .......... 15% 8.30M 5s
  5100K .......... .......... .......... .......... .......... 15% 7.00M 5s
  5150K .......... .......... .......... .......... .......... 16% 7.71M 5s
  5200K .......... .......... .......... .......... .......... 16% 1.28M 5s
  5250K .......... .......... .......... .......... .......... 16% 4.71M 5s
  5300K .......... .......... .......... .......... .......... 16% 8.71M 5s
  5350K .......... .......... .......... .......... .......... 16% 8.69M 5s
  5400K .......... .......... .......... .......... .......... 16% 8.19M 5s
  5450K .......... .......... .......... .......... .......... 17% 9.53M 5s
  5500K .......... .......... .......... .......... .......... 17% 8.99M 5s
  5550K .......... .......... .......... .......... .......... 17% 8.85M 5s
  5600K .......... .......... .......... .......... .......... 17% 7.79M 5s
  5650K .......... .......... .......... .......... .......... 17% 7.94M 5s
  5700K .......... .......... .......... .......... .......... 17% 7.98M 5s
  5750K .......... .......... .......... .......... .......... 17% 9.08M 5s
  5800K .......... .......... .......... .......... .......... 18% 8.21M 5s
  5850K .......... .......... .......... .......... .......... 18% 7.18M 5s
  5900K .......... .......... .......... .......... .......... 18% 8.56M 5s
  5950K .......... .......... .......... .......... .......... 18% 9.20M 5s
  6000K .......... .......... .......... .......... .......... 18% 1.48M 5s
  6050K .......... .......... .......... .......... .......... 18%  515M 5s
  6100K .......... .......... .......... .......... .......... 19%  527M 5s
  6150K .......... .......... .......... .......... .......... 19%  467M 5s
  6200K .......... .......... .......... .......... .......... 19%  471M 5s
  6250K .......... .......... .......... .......... .......... 19%  743K 5s
  6300K .......... .......... .......... .......... .......... 19% 4.25M 5s
  6350K .......... .......... .......... .......... .......... 19% 7.30M 5s
  6400K .......... .......... .......... .......... .......... 19% 8.58M 5s
  6450K .......... .......... .......... .......... .......... 20% 9.30M 5s
  6500K .......... .......... .......... .......... .......... 20% 8.98M 5s
  6550K .......... .......... .......... .......... .......... 20% 9.08M 5s
  6600K .......... .......... .......... .......... .......... 20% 8.85M 5s
  6650K .......... .......... .......... .......... .......... 20% 7.10M 5s
  6700K .......... .......... .......... .......... .......... 20% 8.48M 5s
  6750K .......... .......... .......... .......... .......... 21% 8.58M 5s
  6800K .......... .......... .......... .......... .......... 21% 8.66M 5s
  6850K .......... .......... .......... .......... .......... 21% 7.35M 5s
  6900K .......... .......... .......... .......... .......... 21% 8.20M 4s
  6950K .......... .......... .......... .......... .......... 21% 8.89M 4s
  7000K .......... .......... .......... .......... .......... 21% 9.45M 4s
  7050K .......... .......... .......... .......... .......... 22% 6.19M 4s
  7100K .......... .......... .......... .......... .......... 22% 8.37M 4s
  7150K .......... .......... .......... .......... .......... 22% 6.93M 4s
  7200K .......... .......... .......... .......... .......... 22% 7.70M 4s
  7250K .......... .......... .......... .......... .......... 22%  679K 5s
  7300K .......... .......... .......... .......... .......... 22% 4.22M 5s
  7350K .......... .......... .......... .......... .......... 22% 7.54M 5s
  7400K .......... .......... .......... .......... .......... 23% 9.64M 5s
  7450K .......... .......... .......... .......... .......... 23% 9.92M 5s
  7500K .......... .......... .......... .......... .......... 23% 10.0M 5s
  7550K .......... .......... .......... .......... .......... 23% 9.92M 4s
  7600K .......... .......... .......... .......... .......... 23% 8.76M 4s
  7650K .......... .......... .......... .......... .......... 23% 7.49M 4s
  7700K .......... .......... .......... .......... .......... 24% 9.78M 4s
  7750K .......... .......... .......... .......... .......... 24% 9.54M 4s
  7800K .......... .......... .......... .......... .......... 24% 9.65M 4s
  7850K .......... .......... .......... .......... .......... 24% 7.76M 4s
  7900K .......... .......... .......... .......... .......... 24% 8.88M 4s
  7950K .......... .......... .......... .......... .......... 24% 10.8M 4s
  8000K .......... .......... .......... .......... .......... 24% 8.80M 4s
  8050K .......... .......... .......... .......... .......... 25% 9.20M 4s
  8100K .......... .......... .......... .......... .......... 25% 9.30M 4s
  8150K .......... .......... .......... .......... .......... 25% 6.75M 4s
  8200K .......... .......... .......... .......... .......... 25% 8.77M 4s
  8250K .......... .......... .......... .......... .......... 25%  429K 5s
  8300K .......... .......... .......... .......... .......... 25% 6.62M 5s
  8350K .......... .......... .......... .......... .......... 26% 8.65M 4s
  8400K .......... .......... .......... .......... .......... 26% 9.93M 4s
  8450K .......... .......... .......... .......... .......... 26% 10.0M 4s
  8500K .......... .......... .......... .......... .......... 26% 9.51M 4s
  8550K .......... .......... .......... .......... .......... 26% 9.69M 4s
  8600K .......... .......... .......... .......... .......... 26% 8.47M 4s
  8650K .......... .......... .......... .......... .......... 26% 9.42M 4s
  8700K .......... .......... .......... .......... .......... 27% 9.42M 4s
  8750K .......... .......... .......... .......... .......... 27% 9.77M 4s
  8800K .......... .......... .......... .......... .......... 27% 7.71M 4s
  8850K .......... .......... .......... .......... .......... 27% 8.76M 4s
  8900K .......... .......... .......... .......... .......... 27% 9.13M 4s
  8950K .......... .......... .......... .......... .......... 27% 10.9M 4s
  9000K .......... .......... .......... .......... .......... 28% 8.04M 4s
  9050K .......... .......... .......... .......... .......... 28% 9.30M 4s
  9100K .......... .......... .......... .......... .......... 28% 9.42M 4s
  9150K .......... .......... .......... .......... .......... 28% 7.08M 4s
  9200K .......... .......... .......... .......... .......... 28% 8.02M 4s
  9250K .......... .......... .......... .......... .......... 28% 5.04M 4s
  9300K .......... .......... .......... .......... .......... 28% 9.42M 4s
  9350K .......... .......... .......... .......... .......... 29% 9.08M 4s
  9400K .......... .......... .......... .......... .......... 29% 8.47M 4s
  9450K .......... .......... .......... .......... .......... 29% 8.27M 4s
  9500K .......... .......... .......... .......... .......... 29% 8.93M 4s
  9550K .......... .......... .......... .......... .......... 29%  241K 5s
  9600K .......... .......... .......... .......... .......... 29% 6.58M 5s
  9650K .......... .......... .......... .......... .......... 30% 7.06M 5s
  9700K .......... .......... .......... .......... .......... 30% 8.48M 4s
  9750K .......... .......... .......... .......... .......... 30% 8.77M 4s
  9800K .......... .......... .......... .......... .......... 30% 8.99M 4s
  9850K .......... .......... .......... .......... .......... 30% 8.27M 4s
  9900K .......... .......... .......... .......... .......... 30% 9.34M 4s
  9950K .......... .......... .......... .......... .......... 30% 7.10M 4s
 10000K .......... .......... .......... .......... .......... 31% 8.47M 4s
 10050K .......... .......... .......... .......... .......... 31% 7.60M 4s
 10100K .......... .......... .......... .......... .......... 31% 8.88M 4s
 10150K .......... .......... .......... .......... .......... 31% 7.22M 4s
 10200K .......... .......... .......... .......... .......... 31% 8.77M 4s
 10250K .......... .......... .......... .......... .......... 31% 8.10M 4s
 10300K .......... .......... .......... .......... .......... 32% 9.95M 4s
 10350K .......... .......... .......... .......... .......... 32% 7.29M 4s
 10400K .......... .......... .......... .......... .......... 32% 8.13M 4s
 10450K .......... .......... .......... .......... .......... 32% 6.84M 4s
 10500K .......... .......... .......... .......... .......... 32% 7.48M 4s
 10550K .......... .......... .......... .......... .......... 32% 7.17M 4s
 10600K .......... .......... .......... .......... .......... 33%  354K 4s
 10650K .......... .......... .......... .......... .......... 33% 8.12M 4s
 10700K .......... .......... .......... .......... .......... 33% 7.29M 4s
 10750K .......... .......... .......... .......... .......... 33% 9.19M 4s
 10800K .......... .......... .......... .......... .......... 33% 8.67M 4s
 10850K .......... .......... .......... .......... .......... 33% 9.67M 4s
 10900K .......... .......... .......... .......... .......... 33% 7.01M 4s
 10950K .......... .......... .......... .......... .......... 34% 9.20M 4s
 11000K .......... .......... .......... .......... .......... 34% 7.32M 4s
 11050K .......... .......... .......... .......... .......... 34% 7.72M 4s
 11100K .......... .......... .......... .......... .......... 34% 8.76M 4s
 11150K .......... .......... .......... .......... .......... 34% 8.47M 4s
 11200K .......... .......... .......... .......... .......... 34% 6.03M 4s
 11250K .......... .......... .......... .......... .......... 35% 7.23M 4s
 11300K .......... .......... .......... .......... .......... 35% 9.62M 4s
 11350K .......... .......... .......... .......... .......... 35% 8.22M 4s
 11400K .......... .......... .......... .......... .......... 35% 7.90M 4s
 11450K .......... .......... .......... .......... .......... 35% 8.20M 4s
 11500K .......... .......... .......... .......... .......... 35% 7.11M 4s
 11550K .......... .......... .......... .......... .......... 35% 7.71M 4s
 11600K .......... .......... .......... .......... .......... 36% 5.80M 4s
 11650K .......... .......... .......... .......... .......... 36%  412K 4s
 11700K .......... .......... .......... .......... .......... 36% 9.74M 4s
 11750K .......... .......... .......... .......... .......... 36% 8.09M 4s
 11800K .......... .......... .......... .......... .......... 36% 8.99M 4s
 11850K .......... .......... .......... .......... .......... 36% 8.77M 4s
 11900K .......... .......... .......... .......... .......... 37% 9.29M 4s
 11950K .......... .......... .......... .......... .......... 37% 9.30M 4s
 12000K .......... .......... .......... .......... .......... 37% 8.20M 4s
 12050K .......... .......... .......... .......... .......... 37% 7.47M 4s
 12100K .......... .......... .......... .......... .......... 37% 8.48M 4s
 12150K .......... .......... .......... .......... .......... 37% 8.76M 4s
 12200K .......... .......... .......... .......... .......... 37% 8.78M 4s
 12250K .......... .......... .......... .......... .......... 38% 7.46M 4s
 12300K .......... .......... .......... .......... .......... 38% 8.48M 4s
 12350K .......... .......... .......... .......... .......... 38% 9.21M 4s
 12400K .......... .......... .......... .......... .......... 38% 8.35M 4s
 12450K .......... .......... .......... .......... .......... 38% 7.70M 4s
 12500K .......... .......... .......... .......... .......... 38% 8.77M 4s
 12550K .......... .......... .......... .......... .......... 39% 6.48M 4s
 12600K .......... .......... .......... .......... .......... 39% 7.70M 4s
 12650K .......... .......... .......... .......... .......... 39% 5.67M 4s
 12700K .......... .......... .......... .......... .......... 39% 6.77M 4s
 12750K .......... .......... .......... .......... .......... 39% 8.78M 4s
 12800K .......... .......... .......... .......... .......... 39% 8.47M 4s
 12850K .......... .......... .......... .......... .......... 39% 8.08M 4s
 12900K .......... .......... .......... .......... .......... 40% 6.68M 4s
 12950K .......... .......... .......... .......... .......... 40% 6.73M 4s
 13000K .......... .......... .......... .......... .......... 40% 8.69M 4s
 13050K .......... .......... .......... .......... .......... 40% 9.15M 4s
 13100K .......... .......... .......... .......... .......... 40%  578K 4s
 13150K .......... .......... .......... .......... .......... 40% 7.24M 4s
 13200K .......... .......... .......... .......... .......... 41% 8.02M 4s
 13250K .......... .......... .......... .......... .......... 41% 6.09M 4s
 13300K .......... .......... .......... .......... .......... 41% 8.48M 4s
 13350K .......... .......... .......... .......... .......... 41% 9.08M 4s
 13400K .......... .......... .......... .......... .......... 41% 8.77M 4s
 13450K .......... .......... .......... .......... .......... 41% 9.00M 4s
 13500K .......... .......... .......... .......... .......... 41% 8.97M 4s
 13550K .......... .......... .......... .......... .......... 42% 5.89M 4s
 13600K .......... .......... .......... .......... .......... 42% 7.65M 4s
 13650K .......... .......... .......... .......... .......... 42%  991K 4s
 13700K .......... .......... .......... .......... .......... 42% 7.87M 4s
 13750K .......... .......... .......... .......... .......... 42% 9.71M 4s
 13800K .......... .......... .......... .......... .......... 42% 9.35M 4s
 13850K .......... .......... .......... .......... .......... 43% 9.86M 4s
 13900K .......... .......... .......... .......... .......... 43% 9.78M 4s
 13950K .......... .......... .......... .......... .......... 43%  667K 4s
 14000K .......... .......... .......... .......... .......... 43% 7.33M 4s
 14050K .......... .......... .......... .......... .......... 43% 9.81M 4s
 14100K .......... .......... .......... .......... .......... 43% 9.84M 4s
 14150K .......... .......... .......... .......... .......... 44% 9.67M 4s
 14200K .......... .......... .......... .......... .......... 44% 9.94M 4s
 14250K .......... .......... .......... .......... .......... 44%  639K 4s
 14300K .......... .......... .......... .......... .......... 44% 6.77M 4s
 14350K .......... .......... .......... .......... .......... 44% 9.34M 4s
 14400K .......... .......... .......... .......... .......... 44% 9.86M 4s
 14450K .......... .......... .......... .......... .......... 44% 10.2M 4s
 14500K .......... .......... .......... .......... .......... 45% 9.78M 4s
 14550K .......... .......... .......... .......... .......... 45% 8.16M 4s
 14600K .......... .......... .......... .......... .......... 45% 7.24M 4s
 14650K .......... .......... .......... .......... .......... 45% 9.20M 4s
 14700K .......... .......... .......... .......... .......... 45% 10.0M 4s
 14750K .......... .......... .......... .......... .......... 45% 8.07M 4s
 14800K .......... .......... .......... .......... .......... 46%  660K 4s
 14850K .......... .......... .......... .......... .......... 46% 6.97M 4s
 14900K .......... .......... .......... .......... .......... 46% 10.2M 4s
 14950K .......... .......... .......... .......... .......... 46% 9.55M 4s
 15000K .......... .......... .......... .......... .......... 46% 10.2M 4s
 15050K .......... .......... .......... .......... .......... 46% 10.0M 4s
 15100K .......... .......... .......... .......... .......... 46%  673K 4s
 15150K .......... .......... .......... .......... .......... 47% 5.02M 4s
 15200K .......... .......... .......... .......... .......... 47% 8.58M 4s
 15250K .......... .......... .......... .......... .......... 47% 9.54M 4s
 15300K .......... .......... .......... .......... .......... 47% 8.86M 4s
 15350K .......... .......... .......... .......... .......... 47% 9.09M 4s
 15400K .......... .......... .......... .......... .......... 47% 8.41M 4s
 15450K .......... .......... .......... .......... .......... 48%  995K 4s
 15500K .......... .......... .......... .......... .......... 48% 7.12M 4s
 15550K .......... .......... .......... .......... .......... 48% 9.44M 4s
 15600K .......... .......... .......... .......... .......... 48% 8.39M 4s
 15650K .......... .......... .......... .......... .......... 48% 9.30M 4s
 15700K .......... .......... .......... .......... .......... 48% 9.08M 4s
 15750K .......... .......... .......... .......... .......... 48% 7.74M 4s
 15800K .......... .......... .......... .......... .......... 49% 1.12M 4s
 15850K .......... .......... .......... .......... .......... 49% 9.07M 4s
 15900K .......... .......... .......... .......... .......... 49% 10.4M 3s
 15950K .......... .......... .......... .......... .......... 49% 8.61M 3s
 16000K .......... .......... .......... .......... .......... 49% 8.02M 3s
 16050K .......... .......... .......... .......... .......... 49% 7.63M 3s
 16100K .......... .......... .......... .......... .......... 50%  690K 4s
 16150K .......... .......... .......... .......... .......... 50% 6.34M 3s
 16200K .......... .......... .......... .......... .......... 50% 8.19M 3s
 16250K .......... .......... .......... .......... .......... 50% 9.42M 3s
 16300K .......... .......... .......... .......... .......... 50% 8.69M 3s
 16350K .......... .......... .......... .......... .......... 50% 8.47M 3s
 16400K .......... .......... .......... .......... .......... 50% 8.76M 3s
 16450K .......... .......... .......... .......... .......... 51% 6.40M 3s
 16500K .......... .......... .......... .......... .......... 51% 7.21M 3s
 16550K .......... .......... .......... .......... .......... 51%  801K 3s
 16600K .......... .......... .......... .......... .......... 51% 6.74M 3s
 16650K .......... .......... .......... .......... .......... 51% 9.09M 3s
 16700K .......... .......... .......... .......... .......... 51% 8.80M 3s
 16750K .......... .......... .......... .......... .......... 52% 9.20M 3s
 16800K .......... .......... .......... .......... .......... 52% 9.19M 3s
 16850K .......... .......... .......... .......... .......... 52%  730K 3s
 16900K .......... .......... .......... .......... .......... 52% 5.30M 3s
 16950K .......... .......... .......... .......... .......... 52% 7.92M 3s
 17000K .......... .......... .......... .......... .......... 52% 9.09M 3s
 17050K .......... .......... .......... .......... .......... 52% 8.76M 3s
 17100K .......... .......... .......... .......... .......... 53% 8.77M 3s
 17150K .......... .......... .......... .......... .......... 53% 9.09M 3s
 17200K .......... .......... .......... .......... .......... 53% 6.49M 3s
 17250K .......... .......... .......... .......... .......... 53% 7.22M 3s
 17300K .......... .......... .......... .......... .......... 53% 8.85M 3s
 17350K .......... .......... .......... .......... .......... 53% 8.49M 3s
 17400K .......... .......... .......... .......... .......... 54% 3.16M 3s
 17450K .......... .......... .......... .......... .......... 54% 10.3M 3s
 17500K .......... .......... .......... .......... .......... 54% 2.07M 3s
 17550K .......... .......... .......... .......... .......... 54% 11.2M 3s
 17600K .......... .......... .......... .......... .......... 54% 11.3M 3s
 17650K .......... .......... .......... .......... .......... 54% 2.87M 3s
 17700K .......... .......... .......... .......... .......... 55% 11.0M 3s
 17750K .......... .......... .......... .......... .......... 55% 2.47M 3s
 17800K .......... .......... .......... .......... .......... 55% 5.08M 3s
 17850K .......... .......... .......... .......... .......... 55% 1.23M 3s
 17900K .......... .......... .......... .......... .......... 55% 11.2M 3s
 17950K .......... .......... .......... .......... .......... 55% 11.3M 3s
 18000K .......... .......... .......... .......... .......... 55% 2.42M 3s
 18050K .......... .......... .......... .......... .......... 56% 11.0M 3s
 18100K .......... .......... .......... .......... .......... 56% 11.3M 3s
 18150K .......... .......... .......... .......... .......... 56% 2.30M 3s
 18200K .......... .......... .......... .......... .......... 56% 7.97M 3s
 18250K .......... .......... .......... .......... .......... 56% 2.76M 3s
 18300K .......... .......... .......... .......... .......... 56% 11.5M 3s
 18350K .......... .......... .......... .......... .......... 57% 11.0M 3s
 18400K .......... .......... .......... .......... .......... 57% 1.97M 3s
 18450K .......... .......... .......... .......... .......... 57% 1.45M 3s
 18500K .......... .......... .......... .......... .......... 57% 4.05M 3s
 18550K .......... .......... .......... .......... .......... 57% 4.60M 3s
 18600K .......... .......... .......... .......... .......... 57% 35.7M 3s
 18650K .......... .......... .......... .......... .......... 57% 3.07M 3s
 18700K .......... .......... .......... .......... .......... 58% 11.3M 3s
 18750K .......... .......... .......... .......... .......... 58% 1.01M 3s
 18800K .......... .......... .......... .......... .......... 58% 11.0M 3s
 18850K .......... .......... .......... .......... .......... 58% 11.3M 3s
 18900K .......... .......... .......... .......... .......... 58% 11.3M 3s
 18950K .......... .......... .......... .......... .......... 58% 11.0M 3s
 19000K .......... .......... .......... .......... .......... 59% 1.27M 3s
 19050K .......... .......... .......... .......... .......... 59% 11.0M 3s
 19100K .......... .......... .......... .......... .......... 59% 11.3M 3s
 19150K .......... .......... .......... .......... .......... 59%  642K 3s
 19200K .......... .......... .......... .......... .......... 59% 11.3M 3s
 19250K .......... .......... .......... .......... .......... 59% 11.0M 3s
 19300K .......... .......... .......... .......... .......... 59% 2.42M 3s
 19350K .......... .......... .......... .......... .......... 60%  536M 3s
 19400K .......... .......... .......... .......... .......... 60%  554M 3s
 19450K .......... .......... .......... .......... .......... 60%  473M 3s
 19500K .......... .......... .......... .......... .......... 60% 3.88M 3s
 19550K .......... .......... .......... .......... .......... 60% 11.0M 3s
 19600K .......... .......... .......... .......... .......... 60% 11.3M 3s
 19650K .......... .......... .......... .......... .......... 61% 2.39M 3s
 19700K .......... .......... .......... .......... .......... 61% 11.3M 3s
 19750K .......... .......... .......... .......... .......... 61% 10.2M 3s
 19800K .......... .......... .......... .......... .......... 61% 1.47M 3s
 19850K .......... .......... .......... .......... .......... 61% 11.3M 3s
 19900K .......... .......... .......... .......... .......... 61%  591K 3s
 19950K .......... .......... .......... .......... .......... 61% 11.3M 3s
 20000K .......... .......... .......... .......... .......... 62% 11.3M 3s
 20050K .......... .......... .......... .......... .......... 62% 11.0M 3s
 20100K .......... .......... .......... .......... .......... 62% 11.3M 3s
 20150K .......... .......... .......... .......... .......... 62% 11.0M 3s
 20200K .......... .......... .......... .......... .......... 62% 11.3M 3s
 20250K .......... .......... .......... .......... .......... 62% 11.3M 3s
 20300K .......... .......... .......... .......... .......... 63% 11.2M 3s
 20350K .......... .......... .......... .......... .......... 63% 41.3K 3s
 20400K .......... .......... .......... .......... .......... 63% 7.03M 3s
 20450K .......... .......... .......... .......... .......... 63% 9.08M 3s
 20500K .......... .......... .......... .......... .......... 63% 9.09M 3s
 20550K .......... .......... .......... .......... .......... 63% 8.77M 3s
 20600K .......... .......... .......... .......... .......... 63% 9.31M 3s
 20650K .......... .......... .......... .......... .......... 64% 9.52M 3s
 20700K .......... .......... .......... .......... .......... 64% 9.08M 3s
 20750K .......... .......... .......... .......... .......... 64% 9.43M 3s
 20800K .......... .......... .......... .......... .......... 64% 10.2M 3s
 20850K .......... .......... .......... .......... .......... 64% 10.4M 3s
 20900K .......... .......... .......... .......... .......... 64% 10.7M 3s
 20950K .......... .......... .......... .......... .......... 65% 8.97M 3s
 21000K .......... .......... .......... .......... .......... 65% 8.76M 3s
 21050K .......... .......... .......... .......... .......... 65% 9.30M 3s
 21100K .......... .......... .......... .......... .......... 65% 8.77M 3s
 21150K .......... .......... .......... .......... .......... 65% 8.58M 3s
 21200K .......... .......... .......... .......... .......... 65% 9.30M 3s
 21250K .......... .......... .......... .......... .......... 66% 9.07M 3s
 21300K .......... .......... .......... .......... .......... 66% 9.55M 3s
 21350K .......... .......... .......... .......... .......... 66% 9.65M 3s
 21400K .......... .......... .......... .......... .......... 66% 9.08M 3s
 21450K .......... .......... .......... .......... .......... 66% 8.88M 3s
 21500K .......... .......... .......... .......... .......... 66% 8.66M 3s
 21550K .......... .......... .......... .......... .......... 66% 8.68M 3s
 21600K .......... .......... .......... .......... .......... 67% 9.53M 3s
 21650K .......... .......... .......... .......... .......... 67% 9.54M 3s
 21700K .......... .......... .......... .......... .......... 67% 10.2M 3s
 21750K .......... .......... .......... .......... .......... 67% 10.4M 3s
 21800K .......... .......... .......... .......... .......... 67% 10.2M 3s
 21850K .......... .......... .......... .......... .......... 67% 10.3M 3s
 21900K .......... .......... .......... .......... .......... 68% 9.65M 3s
 21950K .......... .......... .......... .......... .......... 68% 9.54M 3s
 22000K .......... .......... .......... .......... .......... 68% 10.0M 3s
 22050K .......... .......... .......... .......... .......... 68% 9.84M 3s
 22100K .......... .......... .......... .......... .......... 68% 10.9M 3s
 22150K .......... .......... .......... .......... .......... 68% 9.91M 3s
 22200K .......... .......... .......... .......... .......... 68% 10.4M 3s
 22250K .......... .......... .......... .......... .......... 69% 10.0M 3s
 22300K .......... .......... .......... .......... .......... 69% 10.0M 3s
 22350K .......... .......... .......... .......... .......... 69% 9.42M 3s
 22400K .......... .......... .......... .......... .......... 69% 10.3M 3s
 22450K .......... .......... .......... .......... .......... 69% 10.1M 3s
 22500K .......... .......... .......... .......... .......... 69% 9.79M 3s
 22550K .......... .......... .......... .......... .......... 70% 10.5M 3s
 22600K .......... .......... .......... .......... .......... 70% 10.1M 3s
 22650K .......... .......... .......... .......... .......... 70% 9.57M 3s
 22700K .......... .......... .......... .......... .......... 70% 10.6M 3s
 22750K .......... .......... .......... .......... .......... 70% 10.4M 2s
 22800K .......... .......... .......... .......... .......... 70% 10.0M 2s
 22850K .......... .......... .......... .......... .......... 70% 10.2M 2s
 22900K .......... .......... .......... .......... .......... 71% 9.98M 2s
 22950K .......... .......... .......... .......... .......... 71% 10.5M 2s
 23000K .......... .......... .......... .......... .......... 71% 10.6M 2s
 23050K .......... .......... .......... .......... .......... 71% 9.75M 2s
 23100K .......... .......... .......... .......... .......... 71% 10.1M 2s
 23150K .......... .......... .......... .......... .......... 71% 10.4M 2s
 23200K .......... .......... .......... .......... .......... 72% 10.2M 2s
 23250K .......... .......... .......... .......... .......... 72% 10.0M 2s
 23300K .......... .......... .......... .......... .......... 72% 10.6M 2s
 23350K .......... .......... .......... .......... .......... 72% 10.2M 2s
 23400K .......... .......... .......... .......... .......... 72% 10.3M 2s
 23450K .......... .......... .......... .......... .......... 72% 10.2M 2s
 23500K .......... .......... .......... .......... .......... 72% 10.2M 2s
 23550K .......... .......... .......... .......... .......... 73% 10.0M 2s
 23600K .......... .......... .......... .......... .......... 73% 10.5M 2s
 23650K .......... .......... .......... .......... .......... 73% 9.49M 2s
 23700K .......... .......... .......... .......... .......... 73% 10.3M 2s
 23750K .......... .......... .......... .......... .......... 73% 10.3M 2s
 23800K .......... .......... .......... .......... .......... 73% 10.4M 2s
 23850K .......... .......... .......... .......... .......... 74% 9.65M 2s
 23900K .......... .......... .......... .......... .......... 74% 8.75M 2s
 23950K .......... .......... .......... .......... .......... 74% 8.89M 2s
 24000K .......... .......... .......... .......... .......... 74% 7.86M 2s
 24050K .......... .......... .......... .......... .......... 74% 8.77M 2s
 24100K .......... .......... .......... .......... .......... 74% 8.58M 2s
 24150K .......... .......... .......... .......... .......... 74% 8.38M 2s
 24200K .......... .......... .......... .......... .......... 75% 9.79M 2s
 24250K .......... .......... .......... .......... .......... 75% 9.08M 2s
 24300K .......... .......... .......... .......... .......... 75% 8.30M 2s
 24350K .......... .......... .......... .......... .......... 75% 8.66M 2s
 24400K .......... .......... .......... .......... .......... 75% 8.21M 2s
 24450K .......... .......... .......... .......... .......... 75% 8.20M 2s
 24500K .......... .......... .......... .......... .......... 76% 8.20M 2s
 24550K .......... .......... .......... .......... .......... 76% 8.20M 2s
 24600K .......... .......... .......... .......... .......... 76% 8.21M 2s
 24650K .......... .......... .......... .......... .......... 76% 9.42M 2s
 24700K .......... .......... .......... .......... .......... 76% 9.32M 2s
 24750K .......... .......... .......... .......... .......... 76% 10.4M 2s
 24800K .......... .......... .......... .......... .......... 77% 9.60M 2s
 24850K .......... .......... .......... .......... .......... 77% 10.6M 2s
 24900K .......... .......... .......... .......... .......... 77%  308K 2s
 24950K .......... .......... .......... .......... .......... 77% 7.59M 2s
 25000K .......... .......... .......... .......... .......... 77% 11.3M 2s
 25050K .......... .......... .......... .......... .......... 77% 11.3M 2s
 25100K .......... .......... .......... .......... .......... 77% 11.0M 2s
 25150K .......... .......... .......... .......... .......... 78% 11.3M 2s
 25200K .......... .......... .......... .......... .......... 78% 11.0M 2s
 25250K .......... .......... .......... .......... .......... 78% 11.3M 2s
 25300K .......... .......... .......... .......... .......... 78% 11.3M 2s
 25350K .......... .......... .......... .......... .......... 78% 11.0M 2s
 25400K .......... .......... .......... .......... .......... 78% 11.3M 2s
 25450K .......... .......... .......... .......... .......... 79% 11.3M 2s
 25500K .......... .......... .......... .......... .......... 79% 11.0M 2s
 25550K .......... .......... .......... .......... .......... 79% 11.3M 2s
 25600K .......... .......... .......... .......... .......... 79% 11.3M 2s
 25650K .......... .......... .......... .......... .......... 79% 11.0M 2s
 25700K .......... .......... .......... .......... .......... 79% 11.3M 2s
 25750K .......... .......... .......... .......... .......... 79% 11.3M 2s
 25800K .......... .......... .......... .......... .......... 80% 11.0M 2s
 25850K .......... .......... .......... .......... .......... 80% 11.3M 2s
 25900K .......... .......... .......... .......... .......... 80% 11.0M 2s
 25950K .......... .......... .......... .......... .......... 80% 11.3M 2s
 26000K .......... .......... .......... .......... .......... 80% 11.3M 2s
 26050K .......... .......... .......... .......... .......... 80% 11.0M 2s
 26100K .......... .......... .......... .......... .......... 81% 11.3M 2s
 26150K .......... .......... .......... .......... .......... 81% 11.3M 2s
 26200K .......... .......... .......... .......... .......... 81% 11.0M 1s
 26250K .......... .......... .......... .......... .......... 81% 11.3M 1s
 26300K .......... .......... .......... .......... .......... 81% 11.3M 1s
 26350K .......... .......... .......... .......... .......... 81% 11.0M 1s
 26400K .......... .......... .......... .......... .......... 81% 11.3M 1s
 26450K .......... .......... .......... .......... .......... 82% 11.0M 1s
 26500K .......... .......... .......... .......... .......... 82% 11.3M 1s
 26550K .......... .......... .......... .......... .......... 82% 11.3M 1s
 26600K .......... .......... .......... .......... .......... 82% 11.0M 1s
 26650K .......... .......... .......... .......... .......... 82% 11.3M 1s
 26700K .......... .......... .......... .......... .......... 82% 11.3M 1s
 26750K .......... .......... .......... .......... .......... 83% 11.0M 1s
 26800K .......... .......... .......... .......... .......... 83% 11.3M 1s
 26850K .......... .......... .......... .......... .......... 83% 11.3M 1s
 26900K .......... .......... .......... .......... .......... 83% 11.0M 1s
 26950K .......... .......... .......... .......... .......... 83% 11.3M 1s
 27000K .......... .......... .......... .......... .......... 83% 11.3M 1s
 27050K .......... .......... .......... .......... .......... 83% 11.0M 1s
 27100K .......... .......... .......... .......... .......... 84% 11.3M 1s
 27150K .......... .......... .......... .......... .......... 84% 11.0M 1s
 27200K .......... .......... .......... .......... .......... 84% 11.3M 1s
 27250K .......... .......... .......... .......... .......... 84% 11.3M 1s
 27300K .......... .......... .......... .......... .......... 84% 11.0M 1s
 27350K .......... .......... .......... .......... .......... 84% 11.3M 1s
 27400K .......... .......... .......... .......... .......... 85% 11.3M 1s
 27450K .......... .......... .......... .......... .......... 85% 11.0M 1s
 27500K .......... .......... .......... .......... .......... 85% 11.3M 1s
 27550K .......... .......... .......... .......... .......... 85% 11.3M 1s
 27600K .......... .......... .......... .......... .......... 85% 11.0M 1s
 27650K .......... .......... .......... .......... .......... 85% 11.3M 1s
 27700K .......... .......... .......... .......... .......... 85% 11.3M 1s
 27750K .......... .......... .......... .......... .......... 86% 11.0M 1s
 27800K .......... .......... .......... .......... .......... 86% 11.3M 1s
 27850K .......... .......... .......... .......... .......... 86% 11.0M 1s
 27900K .......... .......... .......... .......... .......... 86% 11.3M 1s
 27950K .......... .......... .......... .......... .......... 86% 11.3M 1s
 28000K .......... .......... .......... .......... .......... 86% 11.0M 1s
 28050K .......... .......... .......... .......... .......... 87% 11.3M 1s
 28100K .......... .......... .......... .......... .......... 87% 11.3M 1s
 28150K .......... .......... .......... .......... .......... 87% 2.22M 1s
 28200K .......... .......... .......... .......... .......... 87% 11.3M 1s
 28250K .......... .......... .......... .......... .......... 87% 11.0M 1s
 28300K .......... .......... .......... .......... .......... 87% 11.3M 1s
 28350K .......... .......... .......... .......... .......... 88% 2.64M 1s
 28400K .......... .......... .......... .......... .......... 88% 11.1M 1s
 28450K .......... .......... .......... .......... .......... 88% 11.1M 1s
 28500K .......... .......... .......... .......... .......... 88% 11.4M 1s
 28550K .......... .......... .......... .......... .......... 88% 11.1M 1s
 28600K .......... .......... .......... .......... .......... 88% 11.1M 1s
 28650K .......... .......... .......... .......... .......... 88% 2.06M 1s
 28700K .......... .......... .......... .......... .......... 89% 1.41M 1s
 28750K .......... .......... .......... .......... .......... 89% 11.1M 1s
 28800K .......... .......... .......... .......... .......... 89% 11.4M 1s
 28850K .......... .......... .......... .......... .......... 89% 11.1M 1s
 28900K .......... .......... .......... .......... .......... 89% 11.1M 1s
 28950K .......... .......... .......... .......... .......... 89% 11.1M 1s
 29000K .......... .......... .......... .......... .......... 90%  894K 1s
 29050K .......... .......... .......... .......... .......... 90% 9.83M 1s
 29100K .......... .......... .......... .......... .......... 90% 11.1M 1s
 29150K .......... .......... .......... .......... .......... 90% 11.4M 1s
 29200K .......... .......... .......... .......... .......... 90% 11.1M 1s
 29250K .......... .......... .......... .......... .......... 90% 11.1M 1s
 29300K .......... .......... .......... .......... .......... 90% 2.07M 1s
 29350K .......... .......... .......... .......... .......... 91% 1.41M 1s
 29400K .......... .......... .......... .......... .......... 91% 11.1M 1s
 29450K .......... .......... .......... .......... .......... 91% 9.80M 1s
 29500K .......... .......... .......... .......... .......... 91% 11.4M 1s
 29550K .......... .......... .......... .......... .......... 91% 11.1M 1s
 29600K .......... .......... .......... .......... .......... 91% 11.1M 1s
 29650K .......... .......... .......... .......... .......... 92%  924K 1s
 29700K .......... .......... .......... .......... .......... 92% 10.9M 1s
 29750K .......... .......... .......... .......... .......... 92% 11.1M 1s
 29800K .......... .......... .......... .......... .......... 92% 11.4M 1s
 29850K .......... .......... .......... .......... .......... 92% 11.1M 1s
 29900K .......... .......... .......... .......... .......... 92% 11.1M 1s
 29950K .......... .......... .......... .......... .......... 92% 11.1M 1s
 30000K .......... .......... .......... .......... .......... 93%  909K 1s
 30050K .......... .......... .......... .......... .......... 93% 11.1M 1s
 30100K .......... .......... .......... .......... .......... 93% 11.1M 1s
 30150K .......... .......... .......... .......... .......... 93% 11.4M 0s
 30200K .......... .......... .......... .......... .......... 93% 10.5M 0s
 30250K .......... .......... .......... .......... .......... 93% 11.1M 0s
 30300K .......... .......... .......... .......... .......... 94%  904K 0s
 30350K .......... .......... .......... .......... .......... 94% 11.4M 0s
 30400K .......... .......... .......... .......... .......... 94% 11.1M 0s
 30450K .......... .......... .......... .......... .......... 94% 11.1M 0s
 30500K .......... .......... .......... .......... .......... 94% 10.9M 0s
 30550K .......... .......... .......... .......... .......... 94% 11.1M 0s
 30600K .......... .......... .......... .......... .......... 94% 11.1M 0s
 30650K .......... .......... .......... .......... .......... 95%  910K 0s
 30700K .......... .......... .......... .......... .......... 95% 11.1M 0s
 30750K .......... .......... .......... .......... .......... 95% 11.1M 0s
 30800K .......... .......... .......... .......... .......... 95% 11.1M 0s
 30850K .......... .......... .......... .......... .......... 95% 11.0M 0s
 30900K .......... .......... .......... .......... .......... 95% 11.1M 0s
 30950K .......... .......... .......... .......... .......... 96% 1.94M 0s
 31000K .......... .......... .......... .......... .......... 96% 1.42M 0s
 31050K .......... .......... .......... .......... .......... 96% 11.1M 0s
 31100K .......... .......... .......... .......... .......... 96% 11.1M 0s
 31150K .......... .......... .......... .......... .......... 96% 11.2M 0s
 31200K .......... .......... .......... .......... .......... 96% 1.41M 0s
 31250K .......... .......... .......... .......... .......... 96% 10.7M 0s
 31300K .......... .......... .......... .......... .......... 97% 1.73M 0s
 31350K .......... .......... .......... .......... .......... 97% 11.2M 0s
 31400K .......... .......... .......... .......... .......... 97% 11.3M 0s
 31450K .......... .......... .......... .......... .......... 97% 11.1M 0s
 31500K .......... .......... .......... .......... .......... 97% 5.31M 0s
 31550K .......... .......... .......... .......... .......... 97% 1.99M 0s
 31600K .......... .......... .......... .......... .......... 98% 1.70M 0s
 31650K .......... .......... .......... .......... .......... 98% 2.66M 0s
 31700K .......... .......... .......... .......... .......... 98% 11.4M 0s
 31750K .......... .......... .......... .......... .......... 98% 11.3M 0s
 31800K .......... .......... .......... .......... .......... 98% 11.1M 0s
 31850K .......... .......... .......... .......... .......... 98% 11.3M 0s
 31900K .......... .......... .......... .......... .......... 99% 11.0M 0s
 31950K .......... .......... .......... .......... .......... 99% 6.83M 0s
 32000K .......... .......... .......... .......... .......... 99% 1.34M 0s
 32050K .......... .......... .......... .......... .......... 99% 7.47M 0s
 32100K .......... .......... .......... .......... .......... 99% 8.71M 0s
 32150K .......... .......... .......... .......... .......... 99% 9.36M 0s
 32200K .......... .......... .......... .......... .......... 99% 8.48M 0s
 32250K .......... .......... .                               100% 8.76M=7.6s

2026-03-20 19:18:37 (4.14 MB/s) - ‘homer.package.zip’ saved [33045679/33045679]

		Unzipping...
		Finished Installing homer

Motif.cpp: In function ‘char** findBestSeeds(CommandLine*, XMerData*, int*, int, int&)’:
Motif.cpp:2904:32: warning: ‘%s’ directive argument is null [-Wformat-overflow=]
 2904 |                         fprintf(fp,"%s\t%e\n",str,motifsProtein[i].pvalue);
      |                         ~~~~~~~^~~~~~~~~~~~~~~~~~~~~~~~~~~~~~~~~~~~~~~~~~~
Motif.cpp: In function ‘void findMotifs(CommandLine*, XMerData*)’:
Motif.cpp:177:40: warning: ‘%s’ directive argument is null [-Wformat-overflow=]
  177 |                                 fprintf(stderr, "Locally Optimizing Motif %d, Seed %d - %s\n",
      |                                 ~~~~~~~^~~~~~~~~~~~~~~~~~~~~~~~~~~~~~~~~~~~~~~~~~~~~~~~~~~~~~~
  178 |                                                                 numpssms+1,i+1, str);
      |                                                                 ~~~~~~~~~~~~~~~~~~~~
Motif.cpp:173:40: warning: ‘%s’ directive argument is null [-Wformat-overflow=]
  173 |                                 fprintf(stderr, "Skipping: %s\n", str);
      |                                 ~~~~~~~^~~~~~~~~~~~~~~~~~~~~~~~~~~~~~~
homerTools.cpp: In function ‘void extractProgram(int, char**)’:
homerTools.cpp:1597:17: warning: argument 2 null where non-null expected [-Wnonnull]
 1597 |         if (stat(genomeDir,buf) != 0) {
      |             ~~~~^~~~~~~~~~~~~~~
In file included from homerTools.h:6,
                 from homerTools.cpp:16:
/usr/include/sys/stat.h:205:12: note: in a call to function ‘int stat(const char*, stat*)’ declared ‘nonnull’
  205 | extern int stat (const char *__restrict __file,
      |            ^~~~
Motif2.cpp: In member function ‘void BgSequence::printAll(FILE*)’:
Motif2.cpp:5355:16: warning: ‘%s’ directive argument is null [-Wformat-overflow=]
 5355 |         fprintf(fp, "%s\n", s);
      |         ~~~~~~~^~~~~~~~~~~~~~~
In member function ‘void BgSequence::printFASTA(FILE*, int)’,
    inlined from ‘void BgSequence::printFASTA(FILE*)’ at Motif2.cpp:5396:12:
Motif2.cpp:5407:16: warning: ‘%s’ directive argument is null [-Wformat-overflow=]
 5407 |         fprintf(fp, "%s\n", s);
      |         ~~~~~~~^~~~~~~~~~~~~~~
Motif2.cpp: In member function ‘void BgSequence::printFASTA(FILE*, int)’:
Motif2.cpp:5407:16: warning: ‘%s’ directive argument is null [-Wformat-overflow=]
 5407 |         fprintf(fp, "%s\n", s);
      |         ~~~~~~~^~~~~~~~~~~~~~~
In member function ‘void BgSequence::printSeq(FILE*, int)’,
    inlined from ‘void BgSequence::printSeq(FILE*)’ at Motif2.cpp:5423:10:
Motif2.cpp:5432:24: warning: ‘%s’ directive argument is null [-Wformat-overflow=]
 5432 |                 fprintf(fp, "%s_%d_%d\t%s\n",n,pos,strand,s);
      |                 ~~~~~~~^~~~~~~~~~~~~~~~~~~~~~~~~~~~~~~~~~~~~
In member function ‘void BgSequence::printFASTA(FILE*, int)’,
    inlined from ‘void BgSequenceArray::printAllSequencesFASTA(FILE*)’ at Motif2.cpp:7319:22:
Motif2.cpp:5407:16: warning: ‘%s’ directive argument is null [-Wformat-overflow=]
 5407 |         fprintf(fp, "%s\n", s);
      |         ~~~~~~~^~~~~~~~~~~~~~~
In member function ‘void BgSequence::printFASTA(FILE*, int)’,
    inlined from ‘void BgSequenceArray::printSelectedSequencesFASTA(FILE*)’ at Motif2.cpp:7339:27:
Motif2.cpp:5407:16: warning: ‘%s’ directive argument is null [-Wformat-overflow=]
 5407 |         fprintf(fp, "%s\n", s);
      |         ~~~~~~~^~~~~~~~~~~~~~~
In member function ‘void BgSequence::printSeq(FILE*, int)’,
    inlined from ‘void BgSequenceArray::printSeqFile(FILE*)’ at Motif2.cpp:7372:25:
Motif2.cpp:5430:24: warning: ‘%s’ directive argument is null [-Wformat-overflow=]
 5430 |                 fprintf(fp, "%s_%d_%d_%d\t%s\n",n,pos,strand,index,s);
      |                 ~~~~~~~^~~~~~~~~~~~~~~~~~~~~~~~~~~~~~~~~~~~~~~~~~~~~~

	Software Installed.  If not done so already, add the homer programs to your executable path.

	Add this line to your .bash_profile or .bashrc file (or other depending on your shell):
		PATH=$PATH:/mnt/data/alfredvar/rlopezt/repos/Deroceras-Leave/cluster/homer/.//bin/


	Simply typing "findMotifs.pl" should work before running Homer.

Warning message:
In gzfile(file, mode) :
  cannot open compressed file '/mnt/data/alfredvar/rlopezt/repos/Deroceras-Leave/cluster/genome/cache/genome_chr1_31.rds', probable reason 'No such file or directory'
Error: No genome found. Install BSgenome.Dlaeve.NCBI.dlgm or set GENOME_FASTA.
Execution halted
